  ExtraCreditWeek1.cpp
C:\Users\Caedan Thompson\Desktop\ExtraCreditWeek1\ExtraCreditWeek1\RasterFunctions.h(35,12): warning C4244: 'initializing': conversion from 'float' to 'int', possible loss of data
C:\Users\Caedan Thompson\Desktop\ExtraCreditWeek1\ExtraCreditWeek1\RasterFunctions.h(36,12): warning C4244: 'initializing': conversion from 'float' to 'int', possible loss of data
C:\Users\Caedan Thompson\Desktop\ExtraCreditWeek1\ExtraCreditWeek1\RasterFunctions.h(39,17): warning C4244: 'initializing': conversion from 'float' to 'int', possible loss of data
C:\Users\Caedan Thompson\Desktop\ExtraCreditWeek1\ExtraCreditWeek1\RasterFunctions.h(51,15): warning C4244: 'initializing': conversion from 'float' to 'int', possible loss of data
C:\Users\Caedan Thompson\Desktop\ExtraCreditWeek1\ExtraCreditWeek1\RasterFunctions.h(77,14): warning C4244: 'initializing': conversion from 'float' to 'int', possible loss of data
C:\Users\Caedan Thompson\Desktop\ExtraCreditWeek1\ExtraCreditWeek1\RasterFunctions.h(159,13): warning C4244: 'initializing': conversion from 'int' to 'float', possible loss of data
C:\Users\Caedan Thompson\Desktop\ExtraCreditWeek1\ExtraCreditWeek1\RasterFunctions.h(160,13): warning C4244: 'initializing': conversion from 'int' to 'float', possible loss of data
C:\Users\Caedan Thompson\Desktop\ExtraCreditWeek1\ExtraCreditWeek1\RasterFunctions.h(175,15): warning C4244: 'initializing': conversion from 'float' to 'int', possible loss of data
C:\Users\Caedan Thompson\Desktop\ExtraCreditWeek1\ExtraCreditWeek1\RasterFunctions.h(176,15): warning C4244: 'initializing': conversion from 'float' to 'int', possible loss of data
C:\Users\Caedan Thompson\Desktop\ExtraCreditWeek1\ExtraCreditWeek1\RasterFunctions.h(185,15): warning C4244: 'initializing': conversion from 'float' to 'int', possible loss of data
C:\Users\Caedan Thompson\Desktop\ExtraCreditWeek1\ExtraCreditWeek1\RasterFunctions.h(186,15): warning C4244: 'initializing': conversion from 'float' to 'int', possible loss of data
C:\Users\Caedan Thompson\Desktop\ExtraCreditWeek1\ExtraCreditWeek1\RasterFunctions.h(213,27): warning C4244: 'argument': conversion from 'int' to '_Ty', possible loss of data
          with
          [
              _Ty=float
          ]
C:\Users\Caedan Thompson\Desktop\ExtraCreditWeek1\ExtraCreditWeek1\RasterFunctions.h(214,31): warning C4244: 'argument': conversion from 'double' to '_Ty', possible loss of data
          with
          [
              _Ty=float
          ]
C:\Users\Caedan Thompson\Desktop\ExtraCreditWeek1\ExtraCreditWeek1\RasterFunctions.h(216,68): warning C4244: 'argument': conversion from '_Ty' to 'int', possible loss of data
          with
          [
              _Ty=float
          ]
C:\Users\Caedan Thompson\Desktop\ExtraCreditWeek1\ExtraCreditWeek1\RasterFunctions.h(216,55): warning C4244: 'argument': conversion from '_Ty' to 'int', possible loss of data
          with
          [
              _Ty=float
          ]
C:\Users\Caedan Thompson\Desktop\ExtraCreditWeek1\ExtraCreditWeek1\RasterFunctions.h(235,27): warning C4244: 'argument': conversion from 'int' to '_Ty', possible loss of data
          with
          [
              _Ty=float
          ]
C:\Users\Caedan Thompson\Desktop\ExtraCreditWeek1\ExtraCreditWeek1\RasterFunctions.h(236,31): warning C4244: 'argument': conversion from 'double' to '_Ty', possible loss of data
          with
          [
              _Ty=float
          ]
C:\Users\Caedan Thompson\Desktop\ExtraCreditWeek1\ExtraCreditWeek1\RasterFunctions.h(238,68): warning C4244: 'argument': conversion from '_Ty' to 'int', possible loss of data
          with
          [
              _Ty=float
          ]
C:\Users\Caedan Thompson\Desktop\ExtraCreditWeek1\ExtraCreditWeek1\RasterFunctions.h(238,55): warning C4244: 'argument': conversion from '_Ty' to 'int', possible loss of data
          with
          [
              _Ty=float
          ]
C:\Users\Caedan Thompson\Desktop\ExtraCreditWeek1\ExtraCreditWeek1\RasterFunctions.h(243,73): warning C4244: 'argument': conversion from '_Ty' to 'int', possible loss of data
          with
          [
              _Ty=float
          ]
C:\Users\Caedan Thompson\Desktop\ExtraCreditWeek1\ExtraCreditWeek1\RasterFunctions.h(243,60): warning C4244: 'argument': conversion from '_Ty' to 'int', possible loss of data
          with
          [
              _Ty=float
          ]
C:\Users\Caedan Thompson\Desktop\ExtraCreditWeek1\ExtraCreditWeek1\RasterFunctions.h(261,31): warning C4244: 'argument': conversion from 'int' to '_Ty', possible loss of data
          with
          [
              _Ty=float
          ]
C:\Users\Caedan Thompson\Desktop\ExtraCreditWeek1\ExtraCreditWeek1\RasterFunctions.h(262,27): warning C4244: 'argument': conversion from 'double' to '_Ty', possible loss of data
          with
          [
              _Ty=float
          ]
C:\Users\Caedan Thompson\Desktop\ExtraCreditWeek1\ExtraCreditWeek1\RasterFunctions.h(264,68): warning C4244: 'argument': conversion from '_Ty' to 'int', possible loss of data
          with
          [
              _Ty=float
          ]
C:\Users\Caedan Thompson\Desktop\ExtraCreditWeek1\ExtraCreditWeek1\RasterFunctions.h(264,55): warning C4244: 'argument': conversion from '_Ty' to 'int', possible loss of data
          with
          [
              _Ty=float
          ]
C:\Users\Caedan Thompson\Desktop\ExtraCreditWeek1\ExtraCreditWeek1\RasterFunctions.h(283,31): warning C4244: 'argument': conversion from 'int' to '_Ty', possible loss of data
          with
          [
              _Ty=float
          ]
C:\Users\Caedan Thompson\Desktop\ExtraCreditWeek1\ExtraCreditWeek1\RasterFunctions.h(284,27): warning C4244: 'argument': conversion from 'double' to '_Ty', possible loss of data
          with
          [
              _Ty=float
          ]
C:\Users\Caedan Thompson\Desktop\ExtraCreditWeek1\ExtraCreditWeek1\RasterFunctions.h(286,68): warning C4244: 'argument': conversion from '_Ty' to 'int', possible loss of data
          with
          [
              _Ty=float
          ]
C:\Users\Caedan Thompson\Desktop\ExtraCreditWeek1\ExtraCreditWeek1\RasterFunctions.h(286,55): warning C4244: 'argument': conversion from '_Ty' to 'int', possible loss of data
          with
          [
              _Ty=float
          ]
C:\Users\Caedan Thompson\Desktop\ExtraCreditWeek1\ExtraCreditWeek1\ExtraCreditWeek1.cpp(14,12): warning C4244: 'argument': conversion from 'time_t' to 'unsigned int', possible loss of data
C:\Users\Caedan Thompson\Desktop\ExtraCreditWeek1\ExtraCreditWeek1\ExtraCreditWeek1.cpp(95,51): warning C4244: 'argument': conversion from 'int' to 'float', possible loss of data
C:\Users\Caedan Thompson\Desktop\ExtraCreditWeek1\ExtraCreditWeek1\ExtraCreditWeek1.cpp(95,39): warning C4244: 'argument': conversion from 'int' to 'float', possible loss of data
C:\Users\Caedan Thompson\Desktop\ExtraCreditWeek1\ExtraCreditWeek1\ExtraCreditWeek1.cpp(95,27): warning C4244: 'argument': conversion from 'int' to 'float', possible loss of data
C:\Users\Caedan Thompson\Desktop\ExtraCreditWeek1\ExtraCreditWeek1\ExtraCreditWeek1.cpp(95,15): warning C4244: 'argument': conversion from 'int' to 'float', possible loss of data
  ExtraCreditWeek1.vcxproj -> C:\Users\Caedan Thompson\Desktop\ExtraCreditWeek1\x64\Debug\ExtraCreditWeek1.exe
